<?xml version="1.0" encoding="UTF-8"?>
<!-- Generated by org.testng.reporters.JUnitReportReporter -->
<testsuite skipped="1" hostname="TYSS" name="scripts.TestScripts" tests="2" failures="0" timestamp="20 Jun 2019 03:04:03 GMT" time="22.673" errors="0">
  <testcase name="testListBoxSorted" time="22.673" classname="scripts.TestScripts"/>
  <testcase name="testCreateEmployee" classname="scripts.TestScripts">
    <skipped/>
  </testcase> <!-- testCreateEmployee -->
</testsuite> <!-- scripts.TestScripts -->
