<?xml version="1.0" encoding="UTF-8"?>
<!-- Generated by org.testng.reporters.JUnitReportReporter -->
<testsuite hostname="TYSS" name="scripts.TestScripts" tests="1" failures="0" timestamp="20 Jun 2019 03:05:59 GMT" time="18.139" errors="0">
  <testcase name="testListBoxSorted" time="18.139" classname="scripts.TestScripts"/>
</testsuite> <!-- scripts.TestScripts -->
